<?xml version="1.0" encoding="UTF-8"?>
<!-- Generated by org.testng.reporters.JUnitXMLReporter -->
<testsuite hostname="V-DEV03" name="LMM_ND_Test" tests="5" failures="1" timestamp="22 Mar 2022 11:18:41 GMT" time="0.048" errors="0">
  <testcase name="beforeTestConfigs" time="0.0" classname="marketTypesTest.Loan_ND_Test">
    <failure type="java.lang.NullPointerException">
      <![CDATA[java.lang.NullPointerException
	at marketTypesTest.Loan_ND_Test.beforeTestConfigs(Loan_ND_Test.java:334)
... Removed 24 stack frames]]>
    </failure>
  </testcase> <!-- beforeTestConfigs -->
  <testcase name="frontPage" time="0.0" classname="marketTypesTest.Loan_ND_Test">
    <skipped/>
  </testcase> <!-- frontPage -->
  <testcase name="infoPage" time="0.0" classname="marketTypesTest.Loan_ND_Test">
    <skipped/>
  </testcase> <!-- infoPage -->
  <testcase name="bankDetailsPage" time="0.0" classname="marketTypesTest.Loan_ND_Test">
    <skipped/>
  </testcase> <!-- bankDetailsPage -->
  <testcase name="cashFlowPage" time="0.0" classname="marketTypesTest.Loan_ND_Test">
    <skipped/>
  </testcase> <!-- cashFlowPage -->
</testsuite> <!-- LMM_ND_Test -->
