<?xml version="1.0" encoding="UTF-8"?>
<!-- Generated by org.testng.reporters.JUnitXMLReporter -->
<testsuite hostname="V-DEV03" name="Default test" tests="5" failures="1" timestamp="1 Jul 2022 11:02:05 GMT" time="58.307" errors="0">
  <testcase name="bfr_Loan_ND_NewMode_InputsVerify" time="58.256" classname="marketTypesTest.LMM.Loan_ND_NewMode_InputsVerify">
    <failure type="org.openqa.selenium.TimeoutException" message="Expected condition failed: waiting for element to be clickable: [[FirefoxDriver: firefox on WINDOWS (8a4528a7-e2fd-4e81-a47c-8ea7aa9f4260)] -&amp;gt; xpath: //button[@aria-label=&amp;apos;Next Page&amp;apos;]] (tried for 20 second(s) with 500 milliseconds interval)
Build info: version: &amp;apos;4.1.2&amp;apos;, revision: &amp;apos;9a5a329c5a&amp;apos;
System info: host: &amp;apos;V-DEV03&amp;apos;, ip: &amp;apos;192.168.0.193&amp;apos;, os.name: &amp;apos;Windows 10&amp;apos;, os.arch: &amp;apos;amd64&amp;apos;, os.version: &amp;apos;10.0&amp;apos;, java.version: &amp;apos;1.8.0_221&amp;apos;
Driver info: org.openqa.selenium.firefox.FirefoxDriver
Capabilities {acceptInsecureCerts: true, browserName: firefox, browserVersion: 98.0.1, javascriptEnabled: true, moz:accessibilityChecks: false, moz:buildID: 20220313140707, moz:debuggerAddress: localhost:53415, moz:geckodriverVersion: 0.31.0, moz:headless: false, moz:processID: 22496, moz:profile: C:\Users\dineshk\AppData\Lo..., moz:shutdownTimeout: 60000, moz:useNonSpecCompliantPointerOrigin: false, moz:webdriverClick: true, pageLoadStrategy: normal, platform: WINDOWS, platformName: WINDOWS, platformVersion: 10.0, proxy: Proxy(), se:cdp: ws://localhost:53415/devtoo..., se:cdpVersion: 85.0, setWindowRect: true, strictFileInteractability: false, timeouts: {implicit: 0, pageLoad: 300000, script: 30000}, unhandledPromptBehavior: dismiss and notify}
Session ID: 8a4528a7-e2fd-4e81-a47c-8ea7aa9f4260">
      <![CDATA[org.openqa.selenium.TimeoutException: Expected condition failed: waiting for element to be clickable: [[FirefoxDriver: firefox on WINDOWS (8a4528a7-e2fd-4e81-a47c-8ea7aa9f4260)] -> xpath: //button[@aria-label='Next Page']] (tried for 20 second(s) with 500 milliseconds interval)
Build info: version: '4.1.2', revision: '9a5a329c5a'
System info: host: 'V-DEV03', ip: '192.168.0.193', os.name: 'Windows 10', os.arch: 'amd64', os.version: '10.0', java.version: '1.8.0_221'
Driver info: org.openqa.selenium.firefox.FirefoxDriver
Capabilities {acceptInsecureCerts: true, browserName: firefox, browserVersion: 98.0.1, javascriptEnabled: true, moz:accessibilityChecks: false, moz:buildID: 20220313140707, moz:debuggerAddress: localhost:53415, moz:geckodriverVersion: 0.31.0, moz:headless: false, moz:processID: 22496, moz:profile: C:\Users\dineshk\AppData\Lo..., moz:shutdownTimeout: 60000, moz:useNonSpecCompliantPointerOrigin: false, moz:webdriverClick: true, pageLoadStrategy: normal, platform: WINDOWS, platformName: WINDOWS, platformVersion: 10.0, proxy: Proxy(), se:cdp: ws://localhost:53415/devtoo..., se:cdpVersion: 85.0, setWindowRect: true, strictFileInteractability: false, timeouts: {implicit: 0, pageLoad: 300000, script: 30000}, unhandledPromptBehavior: dismiss and notify}
Session ID: 8a4528a7-e2fd-4e81-a47c-8ea7aa9f4260
	at org.openqa.selenium.support.ui.WebDriverWait.timeoutException(WebDriverWait.java:138)
	at org.openqa.selenium.support.ui.FluentWait.until(FluentWait.java:231)
	at handleFields.FindDeal_Edit_Delete.findDeal(FindDeal_Edit_Delete.java:96)
	at marketTypesTest.LMM.Loan_ND_NewMode_InputsVerify.bfr_Loan_ND_NewMode_InputsVerify(Loan_ND_NewMode_InputsVerify.java:33)
	at sun.reflect.NativeMethodAccessorImpl.invoke0(Native Method)
	at sun.reflect.NativeMethodAccessorImpl.invoke(Unknown Source)
	at sun.reflect.DelegatingMethodAccessorImpl.invoke(Unknown Source)
	at java.lang.reflect.Method.invoke(Unknown Source)
	at org.testng.internal.MethodInvocationHelper.invokeMethod(MethodInvocationHelper.java:86)
	at org.testng.internal.Invoker.invokeMethod(Invoker.java:645)
	at org.testng.internal.Invoker.invokeTestMethod(Invoker.java:822)
	at org.testng.internal.Invoker.invokeTestMethods(Invoker.java:1130)
	at org.testng.internal.TestMethodWorker.invokeTestMethods(TestMethodWorker.java:129)
	at org.testng.internal.TestMethodWorker.run(TestMethodWorker.java:112)
	at org.testng.TestRunner.privateRun(TestRunner.java:782)
	at org.testng.TestRunner.run(TestRunner.java:632)
	at org.testng.SuiteRunner.runTest(SuiteRunner.java:366)
	at org.testng.SuiteRunner.runSequentially(SuiteRunner.java:361)
	at org.testng.SuiteRunner.privateRun(SuiteRunner.java:319)
	at org.testng.SuiteRunner.run(SuiteRunner.java:268)
	at org.testng.SuiteRunnerWorker.runSuite(SuiteRunnerWorker.java:52)
	at org.testng.SuiteRunnerWorker.run(SuiteRunnerWorker.java:86)
	at org.testng.TestNG.runSuitesSequentially(TestNG.java:1244)
	at org.testng.TestNG.runSuitesLocally(TestNG.java:1169)
	at org.testng.TestNG.run(TestNG.java:1064)
	at org.testng.remote.RemoteTestNG.run(RemoteTestNG.java:113)
	at org.testng.remote.RemoteTestNG.initAndRun(RemoteTestNG.java:206)
	at org.testng.remote.RemoteTestNG.main(RemoteTestNG.java:177)
]]>
    </failure>
  </testcase> <!-- bfr_Loan_ND_NewMode_InputsVerify -->
  <testcase name="frontPage_NewMode_Inputs_Verification" time="0.0" classname="marketTypesTest.LMM.Loan_ND_NewMode_InputsVerify">
    <skipped/>
  </testcase> <!-- frontPage_NewMode_Inputs_Verification -->
  <testcase name="infoPage_NewMode_Inputs_Verification" time="0.0" classname="marketTypesTest.LMM.Loan_ND_NewMode_InputsVerify">
    <skipped/>
  </testcase> <!-- infoPage_NewMode_Inputs_Verification -->
  <testcase name="bankDetails_NewMode_Inputs_Verification" time="0.0" classname="marketTypesTest.LMM.Loan_ND_NewMode_InputsVerify">
    <skipped/>
  </testcase> <!-- bankDetails_NewMode_Inputs_Verification -->
  <testcase name="cashFlow_NewMode_Verification" time="0.0" classname="marketTypesTest.LMM.Loan_ND_NewMode_InputsVerify">
    <skipped/>
  </testcase> <!-- cashFlow_NewMode_Verification -->
</testsuite> <!-- Default test -->
