<?xml version="1.0" encoding="UTF-8"?>
<!-- Generated by org.testng.reporters.JUnitXMLReporter -->
<testsuite hostname="V-DEV03" name="LMM_ND_Test" tests="5" failures="0" timestamp="15 Mar 2022 14:00:41 GMT" time="4.178" errors="0">
  <testcase name="inputsVerify" time="0.004" classname="marketTypesTest.Loan_ND_Test"/>
  <testcase name="frontPage" time="0.0" classname="marketTypesTest.Loan_ND_Test"/>
  <testcase name="infoPage" time="0.003" classname="marketTypesTest.Loan_ND_Test"/>
  <testcase name="bankDetailsPage" time="0.006" classname="marketTypesTest.Loan_ND_Test"/>
  <testcase name="cashFlowPage" time="0.003" classname="marketTypesTest.Loan_ND_Test"/>
</testsuite> <!-- LMM_ND_Test -->
